Determining if the pthread_create exist failed with the following output:
Change Dir: /home/INTRANET/fmagaud/myfiles/cpp/semestre3/neurons_project/build/CMakeFiles/CMakeTmp

Run Build Command:"/usr/bin/make" "cmTryCompileExec2696999701/fast"
/usr/bin/make -f CMakeFiles/cmTryCompileExec2696999701.dir/build.make CMakeFiles/cmTryCompileExec2696999701.dir/build
make[1]: Entering directory `/home/INTRANET/fmagaud/myfiles/cpp/semestre3/neurons_project/build/CMakeFiles/CMakeTmp'
/usr/local/bin/cmake -E cmake_progress_report /home/INTRANET/fmagaud/myfiles/cpp/semestre3/neurons_project/build/CMakeFiles/CMakeTmp/CMakeFiles 1
Building C object CMakeFiles/cmTryCompileExec2696999701.dir/CheckSymbolExists.c.o
/usr/bin/cc    -o CMakeFiles/cmTryCompileExec2696999701.dir/CheckSymbolExists.c.o   -c /home/INTRANET/fmagaud/myfiles/cpp/semestre3/neurons_project/build/CMakeFiles/CMakeTmp/CheckSymbolExists.c
Linking C executable cmTryCompileExec2696999701
/usr/local/bin/cmake -E cmake_link_script CMakeFiles/cmTryCompileExec2696999701.dir/link.txt --verbose=1
/usr/bin/cc       CMakeFiles/cmTryCompileExec2696999701.dir/CheckSymbolExists.c.o  -o cmTryCompileExec2696999701 -rdynamic 
CMakeFiles/cmTryCompileExec2696999701.dir/CheckSymbolExists.c.o: In function `main':
CheckSymbolExists.c:(.text+0x16): undefined reference to `pthread_create'
collect2: error: ld returned 1 exit status
make[1]: *** [cmTryCompileExec2696999701] Error 1
make[1]: Leaving directory `/home/INTRANET/fmagaud/myfiles/cpp/semestre3/neurons_project/build/CMakeFiles/CMakeTmp'
make: *** [cmTryCompileExec2696999701/fast] Error 2

File /home/INTRANET/fmagaud/myfiles/cpp/semestre3/neurons_project/build/CMakeFiles/CMakeTmp/CheckSymbolExists.c:
/* */
#include <pthread.h>

int main(int argc, char** argv)
{
  (void)argv;
#ifndef pthread_create
  return ((int*)(&pthread_create))[argc];
#else
  (void)argc;
  return 0;
#endif
}

